/*C3*/SET SCHEMA PUBLIC
INSERT INTO TEST VALUES(26,'test','dummy1')
COMMIT
INSERT INTO TEST VALUES(27,'test','dummy2')
COMMIT
INSERT INTO TEST VALUES(28,'test','dummy3')
COMMIT
INSERT INTO TEST VALUES(29,'test','dummy4')
COMMIT
INSERT INTO TEST VALUES(30,'outscope','dummy5')
COMMIT
DELETE FROM TEST WHERE ID=30
INSERT INTO TEST VALUES(30,'outscope','dummy6')
COMMIT
DELETE FROM TEST WHERE ID=26
COMMIT
DELETE FROM TEST WHERE ID=27
COMMIT
DELETE FROM TEST WHERE ID=28
COMMIT
DELETE FROM TEST WHERE ID=29
COMMIT
DELETE FROM TEST WHERE ID=30
COMMIT
